<?xml version="1.0" encoding="UTF-8"?>
<!-- Generated by org.testng.reporters.JUnitReportReporter -->
<testsuite skipped="0" hostname="Amirouches-MacBook-Pro.local" name="com.ebay.tests.TestHomePage" tests="3" failures="0" timestamp="2022-06-05T22:01:12 PDT" time="5.378" errors="0">
  <testcase name="verifyTitle" time="0.011" classname="com.ebay.tests.TestHomePage"/>
  <system-out/>
  <testcase name="electronicSelectionTest" time="5.366" classname="com.ebay.tests.TestHomePage"/>
  <system-out/>
  <testcase name="searchItemTest" time="0.001" classname="com.ebay.tests.TestHomePage"/>
  <system-out/>
</testsuite> <!-- com.ebay.tests.TestHomePage -->
